<?xml version="1.0" encoding="UTF-8"?>
<!-- Generated by org.testng.reporters.JUnitXMLReporter -->
<testsuite hostname="SATISH" ignored="0" name="Automation Test Report" tests="3" failures="3" timestamp="01 Feb 2020 18:45:43 GMT" time="111.428" errors="0">
  <testcase name="feature" time="34.54" classname="runner.TestRunner">
    <failure type="cucumber.runtime.CucumberException" message="When a hook declares an argument it must be of type cucumber.api.Scenario. public void seleniumgluecode.Test.AfterScenario(com.aventstack.extentreports.gherkin.model.Scenario) throws java.lang.ClassNotFoundException">
      <![CDATA[cucumber.runtime.CucumberException: When a hook declares an argument it must be of type cucumber.api.Scenario. public void seleniumgluecode.Test.AfterScenario(com.aventstack.extentreports.gherkin.model.Scenario) throws java.lang.ClassNotFoundException
at cucumber.runtime.java.JavaHookDefinition.execute(JavaHookDefinition.java:52)
at cucumber.runner.HookDefinitionMatch.runStep(HookDefinitionMatch.java:16)
at cucumber.runner.TestStep.executeStep(TestStep.java:63)
at cucumber.runner.TestStep.run(TestStep.java:49)
at cucumber.runner.TestCase.run(TestCase.java:48)
at cucumber.runner.Runner.runPickle(Runner.java:40)
at cucumber.api.testng.TestNGCucumberRunner.runScenario(TestNGCucumberRunner.java:68)
at runner.TestRunner.feature(TestRunner.java:48)
... Removed 25 stack frames]]>
    </failure>
  </testcase> <!-- feature -->
  <testcase name="feature" time="44.444" classname="runner.TestRunner">
    <failure type="org.openqa.selenium.NoSuchSessionException" message="Session ID is null. Using WebDriver after calling quit()?
Build info: version: &amp;apos;3.11.0&amp;apos;, revision: &amp;apos;e59cfb3&amp;apos;, time: &amp;apos;2018-03-11T20:26:55.152Z&amp;apos;
System info: host: &amp;apos;SATISH&amp;apos;, ip: &amp;apos;192.168.1.39&amp;apos;, os.name: &amp;apos;Windows 10&amp;apos;, os.arch: &amp;apos;amd64&amp;apos;, os.version: &amp;apos;10.0&amp;apos;, java.version: &amp;apos;1.8.0_66&amp;apos;
Driver info: driver.version: RemoteWebDriver">
      <![CDATA[org.openqa.selenium.NoSuchSessionException: Session ID is null. Using WebDriver after calling quit()?
Build info: version: '3.11.0', revision: 'e59cfb3', time: '2018-03-11T20:26:55.152Z'
System info: host: 'SATISH', ip: '192.168.1.39', os.name: 'Windows 10', os.arch: 'amd64', os.version: '10.0', java.version: '1.8.0_66'
Driver info: driver.version: RemoteWebDriver
at org.openqa.selenium.remote.HttpCommandExecutor.execute(HttpCommandExecutor.java:125)
at org.openqa.selenium.remote.service.DriverCommandExecutor.execute(DriverCommandExecutor.java:83)
at org.openqa.selenium.remote.RemoteWebDriver.execute(RemoteWebDriver.java:545)
at org.openqa.selenium.remote.RemoteWebDriver.execute(RemoteWebDriver.java:602)
at org.openqa.selenium.remote.RemoteWebDriver.getScreenshotAs(RemoteWebDriver.java:291)
at listener.ExtentReportListener.captureScreenShot(ExtentReportListener.java:114)
at listener.ExtentReportListener.testStepHandle(ExtentReportListener.java:60)
at seleniumgluecode.Test.Click_on_My_WishLists(Test.java:139)
at âœ½.Click on My WishLists(src/test/java/feature/test.feature:12)
]]>
    </failure>
  </testcase> <!-- feature -->
  <testcase name="feature" time="31.637" classname="runner.TestRunner">
    <failure type="cucumber.runtime.CucumberException" message="When a hook declares an argument it must be of type cucumber.api.Scenario. public void seleniumgluecode.Test.AfterScenario(com.aventstack.extentreports.gherkin.model.Scenario) throws java.lang.ClassNotFoundException">
      <![CDATA[cucumber.runtime.CucumberException: When a hook declares an argument it must be of type cucumber.api.Scenario. public void seleniumgluecode.Test.AfterScenario(com.aventstack.extentreports.gherkin.model.Scenario) throws java.lang.ClassNotFoundException
at cucumber.runtime.java.JavaHookDefinition.execute(JavaHookDefinition.java:52)
at cucumber.runner.HookDefinitionMatch.runStep(HookDefinitionMatch.java:16)
at cucumber.runner.TestStep.executeStep(TestStep.java:63)
at cucumber.runner.TestStep.run(TestStep.java:49)
at cucumber.runner.TestCase.run(TestCase.java:48)
at cucumber.runner.Runner.runPickle(Runner.java:40)
at cucumber.api.testng.TestNGCucumberRunner.runScenario(TestNGCucumberRunner.java:68)
at runner.TestRunner.feature(TestRunner.java:48)
... Removed 25 stack frames]]>
    </failure>
  </testcase> <!-- feature -->
</testsuite> <!-- Automation Test Report -->
